c:\users\alexthetechkia\source\repos\ict1009cpp\debug\vc142.pdb
c:\users\alexthetechkia\source\repos\ict1009cpp\debug\.netframework,version=v4.7.2.assemblyattributes.obj
c:\users\alexthetechkia\source\repos\ict1009cpp\debug\twitterfunction.obj
c:\users\alexthetechkia\source\repos\ict1009cpp\debug\jsoncpp.obj
c:\users\alexthetechkia\source\repos\ict1009cpp\debug\gui.obj
c:\users\alexthetechkia\source\repos\ict1009cpp\debug\crawler.obj
c:\users\alexthetechkia\source\repos\ict1009cpp\debug\my1008projects.gui.resources
c:\users\alexthetechkia\source\repos\ict1009cpp\debug\ict1009cpp.exe
c:\users\alexthetechkia\source\repos\ict1009cpp\debug\ict1009cpp.pdb
c:\users\alexthetechkia\source\repos\ict1009cpp\debug\ict1009cpp.exe.metagen
c:\users\alexthetechkia\source\repos\ict1009cpp\debug\ict1009cpp.tlog\cl.command.1.tlog
c:\users\alexthetechkia\source\repos\ict1009cpp\debug\ict1009cpp.tlog\cl.read.1.tlog
c:\users\alexthetechkia\source\repos\ict1009cpp\debug\ict1009cpp.tlog\cl.write.1.tlog
c:\users\alexthetechkia\source\repos\ict1009cpp\debug\ict1009cpp.tlog\ict1009cpp.write.1u.tlog
c:\users\alexthetechkia\source\repos\ict1009cpp\debug\ict1009cpp.tlog\link.10036.delete.1.tlog
c:\users\alexthetechkia\source\repos\ict1009cpp\debug\ict1009cpp.tlog\link.10136.delete.1.tlog
c:\users\alexthetechkia\source\repos\ict1009cpp\debug\ict1009cpp.tlog\link.10212.delete.1.tlog
c:\users\alexthetechkia\source\repos\ict1009cpp\debug\ict1009cpp.tlog\link.10260.delete.1.tlog
c:\users\alexthetechkia\source\repos\ict1009cpp\debug\ict1009cpp.tlog\link.10296.delete.1.tlog
c:\users\alexthetechkia\source\repos\ict1009cpp\debug\ict1009cpp.tlog\link.10384.delete.1.tlog
c:\users\alexthetechkia\source\repos\ict1009cpp\debug\ict1009cpp.tlog\link.10528.delete.1.tlog
c:\users\alexthetechkia\source\repos\ict1009cpp\debug\ict1009cpp.tlog\link.10660.delete.1.tlog
c:\users\alexthetechkia\source\repos\ict1009cpp\debug\ict1009cpp.tlog\link.10740.delete.1.tlog
c:\users\alexthetechkia\source\repos\ict1009cpp\debug\ict1009cpp.tlog\link.10788.delete.1.tlog
c:\users\alexthetechkia\source\repos\ict1009cpp\debug\ict1009cpp.tlog\link.10832.delete.1.tlog
c:\users\alexthetechkia\source\repos\ict1009cpp\debug\ict1009cpp.tlog\link.10860.delete.1.tlog
c:\users\alexthetechkia\source\repos\ict1009cpp\debug\ict1009cpp.tlog\link.10924.delete.1.tlog
c:\users\alexthetechkia\source\repos\ict1009cpp\debug\ict1009cpp.tlog\link.11028.delete.1.tlog
c:\users\alexthetechkia\source\repos\ict1009cpp\debug\ict1009cpp.tlog\link.11108.delete.1.tlog
c:\users\alexthetechkia\source\repos\ict1009cpp\debug\ict1009cpp.tlog\link.11144.delete.1.tlog
c:\users\alexthetechkia\source\repos\ict1009cpp\debug\ict1009cpp.tlog\link.11224.delete.1.tlog
c:\users\alexthetechkia\source\repos\ict1009cpp\debug\ict1009cpp.tlog\link.11348.delete.1.tlog
c:\users\alexthetechkia\source\repos\ict1009cpp\debug\ict1009cpp.tlog\link.11460.delete.1.tlog
c:\users\alexthetechkia\source\repos\ict1009cpp\debug\ict1009cpp.tlog\link.11464.delete.1.tlog
c:\users\alexthetechkia\source\repos\ict1009cpp\debug\ict1009cpp.tlog\link.11468.delete.1.tlog
c:\users\alexthetechkia\source\repos\ict1009cpp\debug\ict1009cpp.tlog\link.11492.delete.1.tlog
c:\users\alexthetechkia\source\repos\ict1009cpp\debug\ict1009cpp.tlog\link.11504.delete.1.tlog
c:\users\alexthetechkia\source\repos\ict1009cpp\debug\ict1009cpp.tlog\link.11572.delete.1.tlog
c:\users\alexthetechkia\source\repos\ict1009cpp\debug\ict1009cpp.tlog\link.11772.delete.1.tlog
c:\users\alexthetechkia\source\repos\ict1009cpp\debug\ict1009cpp.tlog\link.11876.delete.1.tlog
c:\users\alexthetechkia\source\repos\ict1009cpp\debug\ict1009cpp.tlog\link.11900.delete.1.tlog
c:\users\alexthetechkia\source\repos\ict1009cpp\debug\ict1009cpp.tlog\link.11996.delete.1.tlog
c:\users\alexthetechkia\source\repos\ict1009cpp\debug\ict1009cpp.tlog\link.1220.delete.1.tlog
c:\users\alexthetechkia\source\repos\ict1009cpp\debug\ict1009cpp.tlog\link.12228.delete.1.tlog
c:\users\alexthetechkia\source\repos\ict1009cpp\debug\ict1009cpp.tlog\link.12292.delete.1.tlog
c:\users\alexthetechkia\source\repos\ict1009cpp\debug\ict1009cpp.tlog\link.12324.delete.1.tlog
c:\users\alexthetechkia\source\repos\ict1009cpp\debug\ict1009cpp.tlog\link.12384.delete.1.tlog
c:\users\alexthetechkia\source\repos\ict1009cpp\debug\ict1009cpp.tlog\link.12616.delete.1.tlog
c:\users\alexthetechkia\source\repos\ict1009cpp\debug\ict1009cpp.tlog\link.12620.delete.1.tlog
c:\users\alexthetechkia\source\repos\ict1009cpp\debug\ict1009cpp.tlog\link.12688.delete.1.tlog
c:\users\alexthetechkia\source\repos\ict1009cpp\debug\ict1009cpp.tlog\link.12808.delete.1.tlog
c:\users\alexthetechkia\source\repos\ict1009cpp\debug\ict1009cpp.tlog\link.12868.delete.1.tlog
c:\users\alexthetechkia\source\repos\ict1009cpp\debug\ict1009cpp.tlog\link.13020.delete.1.tlog
c:\users\alexthetechkia\source\repos\ict1009cpp\debug\ict1009cpp.tlog\link.13116.delete.1.tlog
c:\users\alexthetechkia\source\repos\ict1009cpp\debug\ict1009cpp.tlog\link.13204.delete.1.tlog
c:\users\alexthetechkia\source\repos\ict1009cpp\debug\ict1009cpp.tlog\link.13264.delete.1.tlog
c:\users\alexthetechkia\source\repos\ict1009cpp\debug\ict1009cpp.tlog\link.13416.delete.1.tlog
c:\users\alexthetechkia\source\repos\ict1009cpp\debug\ict1009cpp.tlog\link.13428.delete.1.tlog
c:\users\alexthetechkia\source\repos\ict1009cpp\debug\ict1009cpp.tlog\link.13452.delete.1.tlog
c:\users\alexthetechkia\source\repos\ict1009cpp\debug\ict1009cpp.tlog\link.1352.delete.1.tlog
c:\users\alexthetechkia\source\repos\ict1009cpp\debug\ict1009cpp.tlog\link.13592.delete.1.tlog
c:\users\alexthetechkia\source\repos\ict1009cpp\debug\ict1009cpp.tlog\link.13604.delete.1.tlog
c:\users\alexthetechkia\source\repos\ict1009cpp\debug\ict1009cpp.tlog\link.13804.delete.1.tlog
c:\users\alexthetechkia\source\repos\ict1009cpp\debug\ict1009cpp.tlog\link.13936.delete.1.tlog
c:\users\alexthetechkia\source\repos\ict1009cpp\debug\ict1009cpp.tlog\link.14040.delete.1.tlog
c:\users\alexthetechkia\source\repos\ict1009cpp\debug\ict1009cpp.tlog\link.14228.delete.1.tlog
c:\users\alexthetechkia\source\repos\ict1009cpp\debug\ict1009cpp.tlog\link.14260.delete.1.tlog
c:\users\alexthetechkia\source\repos\ict1009cpp\debug\ict1009cpp.tlog\link.1432.delete.1.tlog
c:\users\alexthetechkia\source\repos\ict1009cpp\debug\ict1009cpp.tlog\link.1440.delete.1.tlog
c:\users\alexthetechkia\source\repos\ict1009cpp\debug\ict1009cpp.tlog\link.14412.delete.1.tlog
c:\users\alexthetechkia\source\repos\ict1009cpp\debug\ict1009cpp.tlog\link.14432.delete.1.tlog
c:\users\alexthetechkia\source\repos\ict1009cpp\debug\ict1009cpp.tlog\link.14464.delete.1.tlog
c:\users\alexthetechkia\source\repos\ict1009cpp\debug\ict1009cpp.tlog\link.14616.delete.1.tlog
c:\users\alexthetechkia\source\repos\ict1009cpp\debug\ict1009cpp.tlog\link.14640.delete.1.tlog
c:\users\alexthetechkia\source\repos\ict1009cpp\debug\ict1009cpp.tlog\link.14652.delete.1.tlog
c:\users\alexthetechkia\source\repos\ict1009cpp\debug\ict1009cpp.tlog\link.15116.delete.1.tlog
c:\users\alexthetechkia\source\repos\ict1009cpp\debug\ict1009cpp.tlog\link.15300.delete.1.tlog
c:\users\alexthetechkia\source\repos\ict1009cpp\debug\ict1009cpp.tlog\link.15332.delete.1.tlog
c:\users\alexthetechkia\source\repos\ict1009cpp\debug\ict1009cpp.tlog\link.15432.delete.1.tlog
c:\users\alexthetechkia\source\repos\ict1009cpp\debug\ict1009cpp.tlog\link.15456.delete.1.tlog
c:\users\alexthetechkia\source\repos\ict1009cpp\debug\ict1009cpp.tlog\link.15472.delete.1.tlog
c:\users\alexthetechkia\source\repos\ict1009cpp\debug\ict1009cpp.tlog\link.1564.delete.1.tlog
c:\users\alexthetechkia\source\repos\ict1009cpp\debug\ict1009cpp.tlog\link.15704.delete.1.tlog
c:\users\alexthetechkia\source\repos\ict1009cpp\debug\ict1009cpp.tlog\link.16156.delete.1.tlog
c:\users\alexthetechkia\source\repos\ict1009cpp\debug\ict1009cpp.tlog\link.16184.delete.1.tlog
c:\users\alexthetechkia\source\repos\ict1009cpp\debug\ict1009cpp.tlog\link.16212.delete.1.tlog
c:\users\alexthetechkia\source\repos\ict1009cpp\debug\ict1009cpp.tlog\link.16300.delete.1.tlog
c:\users\alexthetechkia\source\repos\ict1009cpp\debug\ict1009cpp.tlog\link.16444.delete.1.tlog
c:\users\alexthetechkia\source\repos\ict1009cpp\debug\ict1009cpp.tlog\link.16640.delete.1.tlog
c:\users\alexthetechkia\source\repos\ict1009cpp\debug\ict1009cpp.tlog\link.16748.delete.1.tlog
c:\users\alexthetechkia\source\repos\ict1009cpp\debug\ict1009cpp.tlog\link.16852.delete.1.tlog
c:\users\alexthetechkia\source\repos\ict1009cpp\debug\ict1009cpp.tlog\link.1688.delete.1.tlog
c:\users\alexthetechkia\source\repos\ict1009cpp\debug\ict1009cpp.tlog\link.16900.delete.1.tlog
c:\users\alexthetechkia\source\repos\ict1009cpp\debug\ict1009cpp.tlog\link.16952.delete.1.tlog
c:\users\alexthetechkia\source\repos\ict1009cpp\debug\ict1009cpp.tlog\link.17016.delete.1.tlog
c:\users\alexthetechkia\source\repos\ict1009cpp\debug\ict1009cpp.tlog\link.17308.delete.1.tlog
c:\users\alexthetechkia\source\repos\ict1009cpp\debug\ict1009cpp.tlog\link.17360.delete.1.tlog
c:\users\alexthetechkia\source\repos\ict1009cpp\debug\ict1009cpp.tlog\link.17436.delete.1.tlog
c:\users\alexthetechkia\source\repos\ict1009cpp\debug\ict1009cpp.tlog\link.17712.delete.1.tlog
c:\users\alexthetechkia\source\repos\ict1009cpp\debug\ict1009cpp.tlog\link.17748.delete.1.tlog
c:\users\alexthetechkia\source\repos\ict1009cpp\debug\ict1009cpp.tlog\link.17876.delete.1.tlog
c:\users\alexthetechkia\source\repos\ict1009cpp\debug\ict1009cpp.tlog\link.17892.delete.1.tlog
c:\users\alexthetechkia\source\repos\ict1009cpp\debug\ict1009cpp.tlog\link.17916.delete.1.tlog
c:\users\alexthetechkia\source\repos\ict1009cpp\debug\ict1009cpp.tlog\link.18064.delete.1.tlog
c:\users\alexthetechkia\source\repos\ict1009cpp\debug\ict1009cpp.tlog\link.18104.delete.1.tlog
c:\users\alexthetechkia\source\repos\ict1009cpp\debug\ict1009cpp.tlog\link.18116.delete.1.tlog
c:\users\alexthetechkia\source\repos\ict1009cpp\debug\ict1009cpp.tlog\link.18132.delete.1.tlog
c:\users\alexthetechkia\source\repos\ict1009cpp\debug\ict1009cpp.tlog\link.18180.delete.1.tlog
c:\users\alexthetechkia\source\repos\ict1009cpp\debug\ict1009cpp.tlog\link.1820.delete.1.tlog
c:\users\alexthetechkia\source\repos\ict1009cpp\debug\ict1009cpp.tlog\link.18268.delete.1.tlog
c:\users\alexthetechkia\source\repos\ict1009cpp\debug\ict1009cpp.tlog\link.18276.delete.1.tlog
c:\users\alexthetechkia\source\repos\ict1009cpp\debug\ict1009cpp.tlog\link.18356.delete.1.tlog
c:\users\alexthetechkia\source\repos\ict1009cpp\debug\ict1009cpp.tlog\link.18368.delete.1.tlog
c:\users\alexthetechkia\source\repos\ict1009cpp\debug\ict1009cpp.tlog\link.18376.delete.1.tlog
c:\users\alexthetechkia\source\repos\ict1009cpp\debug\ict1009cpp.tlog\link.18492.delete.1.tlog
c:\users\alexthetechkia\source\repos\ict1009cpp\debug\ict1009cpp.tlog\link.18500.delete.1.tlog
c:\users\alexthetechkia\source\repos\ict1009cpp\debug\ict1009cpp.tlog\link.18564.delete.1.tlog
c:\users\alexthetechkia\source\repos\ict1009cpp\debug\ict1009cpp.tlog\link.18616.delete.1.tlog
c:\users\alexthetechkia\source\repos\ict1009cpp\debug\ict1009cpp.tlog\link.18684.delete.1.tlog
c:\users\alexthetechkia\source\repos\ict1009cpp\debug\ict1009cpp.tlog\link.18856.delete.1.tlog
c:\users\alexthetechkia\source\repos\ict1009cpp\debug\ict1009cpp.tlog\link.18956.delete.1.tlog
c:\users\alexthetechkia\source\repos\ict1009cpp\debug\ict1009cpp.tlog\link.19000.delete.1.tlog
c:\users\alexthetechkia\source\repos\ict1009cpp\debug\ict1009cpp.tlog\link.19032.delete.1.tlog
c:\users\alexthetechkia\source\repos\ict1009cpp\debug\ict1009cpp.tlog\link.1928.delete.1.tlog
c:\users\alexthetechkia\source\repos\ict1009cpp\debug\ict1009cpp.tlog\link.19360.delete.1.tlog
c:\users\alexthetechkia\source\repos\ict1009cpp\debug\ict1009cpp.tlog\link.19512.delete.1.tlog
c:\users\alexthetechkia\source\repos\ict1009cpp\debug\ict1009cpp.tlog\link.19532.delete.1.tlog
c:\users\alexthetechkia\source\repos\ict1009cpp\debug\ict1009cpp.tlog\link.19544.delete.1.tlog
c:\users\alexthetechkia\source\repos\ict1009cpp\debug\ict1009cpp.tlog\link.19708.delete.1.tlog
c:\users\alexthetechkia\source\repos\ict1009cpp\debug\ict1009cpp.tlog\link.19732.delete.1.tlog
c:\users\alexthetechkia\source\repos\ict1009cpp\debug\ict1009cpp.tlog\link.19916.delete.1.tlog
c:\users\alexthetechkia\source\repos\ict1009cpp\debug\ict1009cpp.tlog\link.19920.delete.1.tlog
c:\users\alexthetechkia\source\repos\ict1009cpp\debug\ict1009cpp.tlog\link.20344.delete.1.tlog
c:\users\alexthetechkia\source\repos\ict1009cpp\debug\ict1009cpp.tlog\link.20384.delete.1.tlog
c:\users\alexthetechkia\source\repos\ict1009cpp\debug\ict1009cpp.tlog\link.20408.delete.1.tlog
c:\users\alexthetechkia\source\repos\ict1009cpp\debug\ict1009cpp.tlog\link.20412.delete.1.tlog
c:\users\alexthetechkia\source\repos\ict1009cpp\debug\ict1009cpp.tlog\link.20424.delete.1.tlog
c:\users\alexthetechkia\source\repos\ict1009cpp\debug\ict1009cpp.tlog\link.20436.delete.1.tlog
c:\users\alexthetechkia\source\repos\ict1009cpp\debug\ict1009cpp.tlog\link.20440.delete.1.tlog
c:\users\alexthetechkia\source\repos\ict1009cpp\debug\ict1009cpp.tlog\link.20500.delete.1.tlog
c:\users\alexthetechkia\source\repos\ict1009cpp\debug\ict1009cpp.tlog\link.20580.delete.1.tlog
c:\users\alexthetechkia\source\repos\ict1009cpp\debug\ict1009cpp.tlog\link.20796.delete.1.tlog
c:\users\alexthetechkia\source\repos\ict1009cpp\debug\ict1009cpp.tlog\link.2080.delete.1.tlog
c:\users\alexthetechkia\source\repos\ict1009cpp\debug\ict1009cpp.tlog\link.20828.delete.1.tlog
c:\users\alexthetechkia\source\repos\ict1009cpp\debug\ict1009cpp.tlog\link.20932.delete.1.tlog
c:\users\alexthetechkia\source\repos\ict1009cpp\debug\ict1009cpp.tlog\link.21084.delete.1.tlog
c:\users\alexthetechkia\source\repos\ict1009cpp\debug\ict1009cpp.tlog\link.21252.delete.1.tlog
c:\users\alexthetechkia\source\repos\ict1009cpp\debug\ict1009cpp.tlog\link.21312.delete.1.tlog
c:\users\alexthetechkia\source\repos\ict1009cpp\debug\ict1009cpp.tlog\link.2144.delete.1.tlog
c:\users\alexthetechkia\source\repos\ict1009cpp\debug\ict1009cpp.tlog\link.21468.delete.1.tlog
c:\users\alexthetechkia\source\repos\ict1009cpp\debug\ict1009cpp.tlog\link.21532.delete.1.tlog
c:\users\alexthetechkia\source\repos\ict1009cpp\debug\ict1009cpp.tlog\link.21636.delete.1.tlog
c:\users\alexthetechkia\source\repos\ict1009cpp\debug\ict1009cpp.tlog\link.21640.delete.1.tlog
c:\users\alexthetechkia\source\repos\ict1009cpp\debug\ict1009cpp.tlog\link.21652.delete.1.tlog
c:\users\alexthetechkia\source\repos\ict1009cpp\debug\ict1009cpp.tlog\link.21804.delete.1.tlog
c:\users\alexthetechkia\source\repos\ict1009cpp\debug\ict1009cpp.tlog\link.21808.delete.1.tlog
c:\users\alexthetechkia\source\repos\ict1009cpp\debug\ict1009cpp.tlog\link.21896.delete.1.tlog
c:\users\alexthetechkia\source\repos\ict1009cpp\debug\ict1009cpp.tlog\link.21988.delete.1.tlog
c:\users\alexthetechkia\source\repos\ict1009cpp\debug\ict1009cpp.tlog\link.21992.delete.1.tlog
c:\users\alexthetechkia\source\repos\ict1009cpp\debug\ict1009cpp.tlog\link.22104.delete.1.tlog
c:\users\alexthetechkia\source\repos\ict1009cpp\debug\ict1009cpp.tlog\link.22256.delete.1.tlog
c:\users\alexthetechkia\source\repos\ict1009cpp\debug\ict1009cpp.tlog\link.22260.delete.1.tlog
c:\users\alexthetechkia\source\repos\ict1009cpp\debug\ict1009cpp.tlog\link.22332.delete.1.tlog
c:\users\alexthetechkia\source\repos\ict1009cpp\debug\ict1009cpp.tlog\link.22384.delete.1.tlog
c:\users\alexthetechkia\source\repos\ict1009cpp\debug\ict1009cpp.tlog\link.22432.delete.1.tlog
c:\users\alexthetechkia\source\repos\ict1009cpp\debug\ict1009cpp.tlog\link.22568.delete.1.tlog
c:\users\alexthetechkia\source\repos\ict1009cpp\debug\ict1009cpp.tlog\link.22640.delete.1.tlog
c:\users\alexthetechkia\source\repos\ict1009cpp\debug\ict1009cpp.tlog\link.22676.delete.1.tlog
c:\users\alexthetechkia\source\repos\ict1009cpp\debug\ict1009cpp.tlog\link.22704.delete.1.tlog
c:\users\alexthetechkia\source\repos\ict1009cpp\debug\ict1009cpp.tlog\link.22964.delete.1.tlog
c:\users\alexthetechkia\source\repos\ict1009cpp\debug\ict1009cpp.tlog\link.22976.delete.1.tlog
c:\users\alexthetechkia\source\repos\ict1009cpp\debug\ict1009cpp.tlog\link.22996.delete.1.tlog
c:\users\alexthetechkia\source\repos\ict1009cpp\debug\ict1009cpp.tlog\link.23128.delete.1.tlog
c:\users\alexthetechkia\source\repos\ict1009cpp\debug\ict1009cpp.tlog\link.23196.delete.1.tlog
c:\users\alexthetechkia\source\repos\ict1009cpp\debug\ict1009cpp.tlog\link.2320.delete.1.tlog
c:\users\alexthetechkia\source\repos\ict1009cpp\debug\ict1009cpp.tlog\link.23264.delete.1.tlog
c:\users\alexthetechkia\source\repos\ict1009cpp\debug\ict1009cpp.tlog\link.23280.delete.1.tlog
c:\users\alexthetechkia\source\repos\ict1009cpp\debug\ict1009cpp.tlog\link.23352.delete.1.tlog
c:\users\alexthetechkia\source\repos\ict1009cpp\debug\ict1009cpp.tlog\link.23504.delete.1.tlog
c:\users\alexthetechkia\source\repos\ict1009cpp\debug\ict1009cpp.tlog\link.23664.delete.1.tlog
c:\users\alexthetechkia\source\repos\ict1009cpp\debug\ict1009cpp.tlog\link.23764.delete.1.tlog
c:\users\alexthetechkia\source\repos\ict1009cpp\debug\ict1009cpp.tlog\link.23952.delete.1.tlog
c:\users\alexthetechkia\source\repos\ict1009cpp\debug\ict1009cpp.tlog\link.2396.delete.1.tlog
c:\users\alexthetechkia\source\repos\ict1009cpp\debug\ict1009cpp.tlog\link.24012.delete.1.tlog
c:\users\alexthetechkia\source\repos\ict1009cpp\debug\ict1009cpp.tlog\link.24088.delete.1.tlog
c:\users\alexthetechkia\source\repos\ict1009cpp\debug\ict1009cpp.tlog\link.24112.delete.1.tlog
c:\users\alexthetechkia\source\repos\ict1009cpp\debug\ict1009cpp.tlog\link.24144.delete.1.tlog
c:\users\alexthetechkia\source\repos\ict1009cpp\debug\ict1009cpp.tlog\link.24280.delete.1.tlog
c:\users\alexthetechkia\source\repos\ict1009cpp\debug\ict1009cpp.tlog\link.24376.delete.1.tlog
c:\users\alexthetechkia\source\repos\ict1009cpp\debug\ict1009cpp.tlog\link.24480.delete.1.tlog
c:\users\alexthetechkia\source\repos\ict1009cpp\debug\ict1009cpp.tlog\link.24496.delete.1.tlog
c:\users\alexthetechkia\source\repos\ict1009cpp\debug\ict1009cpp.tlog\link.24600.delete.1.tlog
c:\users\alexthetechkia\source\repos\ict1009cpp\debug\ict1009cpp.tlog\link.24752.delete.1.tlog
c:\users\alexthetechkia\source\repos\ict1009cpp\debug\ict1009cpp.tlog\link.24852.delete.1.tlog
c:\users\alexthetechkia\source\repos\ict1009cpp\debug\ict1009cpp.tlog\link.25172.delete.1.tlog
c:\users\alexthetechkia\source\repos\ict1009cpp\debug\ict1009cpp.tlog\link.25192.delete.1.tlog
c:\users\alexthetechkia\source\repos\ict1009cpp\debug\ict1009cpp.tlog\link.2520.delete.1.tlog
c:\users\alexthetechkia\source\repos\ict1009cpp\debug\ict1009cpp.tlog\link.25312.delete.1.tlog
c:\users\alexthetechkia\source\repos\ict1009cpp\debug\ict1009cpp.tlog\link.25456.delete.1.tlog
c:\users\alexthetechkia\source\repos\ict1009cpp\debug\ict1009cpp.tlog\link.25528.delete.1.tlog
c:\users\alexthetechkia\source\repos\ict1009cpp\debug\ict1009cpp.tlog\link.25540.delete.1.tlog
c:\users\alexthetechkia\source\repos\ict1009cpp\debug\ict1009cpp.tlog\link.25572.delete.1.tlog
c:\users\alexthetechkia\source\repos\ict1009cpp\debug\ict1009cpp.tlog\link.25768.delete.1.tlog
c:\users\alexthetechkia\source\repos\ict1009cpp\debug\ict1009cpp.tlog\link.25856.delete.1.tlog
c:\users\alexthetechkia\source\repos\ict1009cpp\debug\ict1009cpp.tlog\link.2600.delete.1.tlog
c:\users\alexthetechkia\source\repos\ict1009cpp\debug\ict1009cpp.tlog\link.26072.delete.1.tlog
c:\users\alexthetechkia\source\repos\ict1009cpp\debug\ict1009cpp.tlog\link.26168.delete.1.tlog
c:\users\alexthetechkia\source\repos\ict1009cpp\debug\ict1009cpp.tlog\link.26268.delete.1.tlog
c:\users\alexthetechkia\source\repos\ict1009cpp\debug\ict1009cpp.tlog\link.26296.delete.1.tlog
c:\users\alexthetechkia\source\repos\ict1009cpp\debug\ict1009cpp.tlog\link.26428.delete.1.tlog
c:\users\alexthetechkia\source\repos\ict1009cpp\debug\ict1009cpp.tlog\link.2652.delete.1.tlog
c:\users\alexthetechkia\source\repos\ict1009cpp\debug\ict1009cpp.tlog\link.26520.delete.1.tlog
c:\users\alexthetechkia\source\repos\ict1009cpp\debug\ict1009cpp.tlog\link.26536.delete.1.tlog
c:\users\alexthetechkia\source\repos\ict1009cpp\debug\ict1009cpp.tlog\link.26564.delete.1.tlog
c:\users\alexthetechkia\source\repos\ict1009cpp\debug\ict1009cpp.tlog\link.26612.delete.1.tlog
c:\users\alexthetechkia\source\repos\ict1009cpp\debug\ict1009cpp.tlog\link.26840.delete.1.tlog
c:\users\alexthetechkia\source\repos\ict1009cpp\debug\ict1009cpp.tlog\link.2696.delete.1.tlog
c:\users\alexthetechkia\source\repos\ict1009cpp\debug\ict1009cpp.tlog\link.27056.delete.1.tlog
c:\users\alexthetechkia\source\repos\ict1009cpp\debug\ict1009cpp.tlog\link.27060.delete.1.tlog
c:\users\alexthetechkia\source\repos\ict1009cpp\debug\ict1009cpp.tlog\link.27104.delete.1.tlog
c:\users\alexthetechkia\source\repos\ict1009cpp\debug\ict1009cpp.tlog\link.27144.delete.1.tlog
c:\users\alexthetechkia\source\repos\ict1009cpp\debug\ict1009cpp.tlog\link.2716.delete.1.tlog
c:\users\alexthetechkia\source\repos\ict1009cpp\debug\ict1009cpp.tlog\link.27172.delete.1.tlog
c:\users\alexthetechkia\source\repos\ict1009cpp\debug\ict1009cpp.tlog\link.27376.delete.1.tlog
c:\users\alexthetechkia\source\repos\ict1009cpp\debug\ict1009cpp.tlog\link.27444.delete.1.tlog
c:\users\alexthetechkia\source\repos\ict1009cpp\debug\ict1009cpp.tlog\link.27484.delete.1.tlog
c:\users\alexthetechkia\source\repos\ict1009cpp\debug\ict1009cpp.tlog\link.2864.delete.1.tlog
c:\users\alexthetechkia\source\repos\ict1009cpp\debug\ict1009cpp.tlog\link.308.delete.1.tlog
c:\users\alexthetechkia\source\repos\ict1009cpp\debug\ict1009cpp.tlog\link.3136.delete.1.tlog
c:\users\alexthetechkia\source\repos\ict1009cpp\debug\ict1009cpp.tlog\link.3304.delete.1.tlog
c:\users\alexthetechkia\source\repos\ict1009cpp\debug\ict1009cpp.tlog\link.3356.delete.1.tlog
c:\users\alexthetechkia\source\repos\ict1009cpp\debug\ict1009cpp.tlog\link.3408.delete.1.tlog
c:\users\alexthetechkia\source\repos\ict1009cpp\debug\ict1009cpp.tlog\link.3448.delete.1.tlog
c:\users\alexthetechkia\source\repos\ict1009cpp\debug\ict1009cpp.tlog\link.3512.delete.1.tlog
c:\users\alexthetechkia\source\repos\ict1009cpp\debug\ict1009cpp.tlog\link.3660.delete.1.tlog
c:\users\alexthetechkia\source\repos\ict1009cpp\debug\ict1009cpp.tlog\link.3736.delete.1.tlog
c:\users\alexthetechkia\source\repos\ict1009cpp\debug\ict1009cpp.tlog\link.3900.delete.1.tlog
c:\users\alexthetechkia\source\repos\ict1009cpp\debug\ict1009cpp.tlog\link.3952.delete.1.tlog
c:\users\alexthetechkia\source\repos\ict1009cpp\debug\ict1009cpp.tlog\link.4088.delete.1.tlog
c:\users\alexthetechkia\source\repos\ict1009cpp\debug\ict1009cpp.tlog\link.4108.delete.1.tlog
c:\users\alexthetechkia\source\repos\ict1009cpp\debug\ict1009cpp.tlog\link.4136.delete.1.tlog
c:\users\alexthetechkia\source\repos\ict1009cpp\debug\ict1009cpp.tlog\link.4244.delete.1.tlog
c:\users\alexthetechkia\source\repos\ict1009cpp\debug\ict1009cpp.tlog\link.4472.delete.1.tlog
c:\users\alexthetechkia\source\repos\ict1009cpp\debug\ict1009cpp.tlog\link.4488.delete.1.tlog
c:\users\alexthetechkia\source\repos\ict1009cpp\debug\ict1009cpp.tlog\link.4688.delete.1.tlog
c:\users\alexthetechkia\source\repos\ict1009cpp\debug\ict1009cpp.tlog\link.4704.delete.1.tlog
c:\users\alexthetechkia\source\repos\ict1009cpp\debug\ict1009cpp.tlog\link.4724.delete.1.tlog
c:\users\alexthetechkia\source\repos\ict1009cpp\debug\ict1009cpp.tlog\link.4752.delete.1.tlog
c:\users\alexthetechkia\source\repos\ict1009cpp\debug\ict1009cpp.tlog\link.4776.delete.1.tlog
c:\users\alexthetechkia\source\repos\ict1009cpp\debug\ict1009cpp.tlog\link.5144.delete.1.tlog
c:\users\alexthetechkia\source\repos\ict1009cpp\debug\ict1009cpp.tlog\link.5344.delete.1.tlog
c:\users\alexthetechkia\source\repos\ict1009cpp\debug\ict1009cpp.tlog\link.5352.delete.1.tlog
c:\users\alexthetechkia\source\repos\ict1009cpp\debug\ict1009cpp.tlog\link.5448.delete.1.tlog
c:\users\alexthetechkia\source\repos\ict1009cpp\debug\ict1009cpp.tlog\link.5452.delete.1.tlog
c:\users\alexthetechkia\source\repos\ict1009cpp\debug\ict1009cpp.tlog\link.560.delete.1.tlog
c:\users\alexthetechkia\source\repos\ict1009cpp\debug\ict1009cpp.tlog\link.5636.delete.1.tlog
c:\users\alexthetechkia\source\repos\ict1009cpp\debug\ict1009cpp.tlog\link.5664.delete.1.tlog
c:\users\alexthetechkia\source\repos\ict1009cpp\debug\ict1009cpp.tlog\link.5792.delete.1.tlog
c:\users\alexthetechkia\source\repos\ict1009cpp\debug\ict1009cpp.tlog\link.5900.delete.1.tlog
c:\users\alexthetechkia\source\repos\ict1009cpp\debug\ict1009cpp.tlog\link.6200.delete.1.tlog
c:\users\alexthetechkia\source\repos\ict1009cpp\debug\ict1009cpp.tlog\link.6500.delete.1.tlog
c:\users\alexthetechkia\source\repos\ict1009cpp\debug\ict1009cpp.tlog\link.6580.delete.1.tlog
c:\users\alexthetechkia\source\repos\ict1009cpp\debug\ict1009cpp.tlog\link.6708.delete.1.tlog
c:\users\alexthetechkia\source\repos\ict1009cpp\debug\ict1009cpp.tlog\link.7024.delete.1.tlog
c:\users\alexthetechkia\source\repos\ict1009cpp\debug\ict1009cpp.tlog\link.7212.delete.1.tlog
c:\users\alexthetechkia\source\repos\ict1009cpp\debug\ict1009cpp.tlog\link.7280.delete.1.tlog
c:\users\alexthetechkia\source\repos\ict1009cpp\debug\ict1009cpp.tlog\link.7320.delete.1.tlog
c:\users\alexthetechkia\source\repos\ict1009cpp\debug\ict1009cpp.tlog\link.7336.delete.1.tlog
c:\users\alexthetechkia\source\repos\ict1009cpp\debug\ict1009cpp.tlog\link.7508.delete.1.tlog
c:\users\alexthetechkia\source\repos\ict1009cpp\debug\ict1009cpp.tlog\link.7780.delete.1.tlog
c:\users\alexthetechkia\source\repos\ict1009cpp\debug\ict1009cpp.tlog\link.7828.delete.1.tlog
c:\users\alexthetechkia\source\repos\ict1009cpp\debug\ict1009cpp.tlog\link.7852.delete.1.tlog
c:\users\alexthetechkia\source\repos\ict1009cpp\debug\ict1009cpp.tlog\link.8116.delete.1.tlog
c:\users\alexthetechkia\source\repos\ict1009cpp\debug\ict1009cpp.tlog\link.824.delete.1.tlog
c:\users\alexthetechkia\source\repos\ict1009cpp\debug\ict1009cpp.tlog\link.8292.delete.1.tlog
c:\users\alexthetechkia\source\repos\ict1009cpp\debug\ict1009cpp.tlog\link.8376.delete.1.tlog
c:\users\alexthetechkia\source\repos\ict1009cpp\debug\ict1009cpp.tlog\link.840.delete.1.tlog
c:\users\alexthetechkia\source\repos\ict1009cpp\debug\ict1009cpp.tlog\link.8464.delete.1.tlog
c:\users\alexthetechkia\source\repos\ict1009cpp\debug\ict1009cpp.tlog\link.8472.delete.1.tlog
c:\users\alexthetechkia\source\repos\ict1009cpp\debug\ict1009cpp.tlog\link.8576.delete.1.tlog
c:\users\alexthetechkia\source\repos\ict1009cpp\debug\ict1009cpp.tlog\link.8868.delete.1.tlog
c:\users\alexthetechkia\source\repos\ict1009cpp\debug\ict1009cpp.tlog\link.8952.delete.1.tlog
c:\users\alexthetechkia\source\repos\ict1009cpp\debug\ict1009cpp.tlog\link.9032.delete.1.tlog
c:\users\alexthetechkia\source\repos\ict1009cpp\debug\ict1009cpp.tlog\link.9044.delete.1.tlog
c:\users\alexthetechkia\source\repos\ict1009cpp\debug\ict1009cpp.tlog\link.9112.delete.1.tlog
c:\users\alexthetechkia\source\repos\ict1009cpp\debug\ict1009cpp.tlog\link.9212.delete.1.tlog
c:\users\alexthetechkia\source\repos\ict1009cpp\debug\ict1009cpp.tlog\link.9248.delete.1.tlog
c:\users\alexthetechkia\source\repos\ict1009cpp\debug\ict1009cpp.tlog\link.9496.delete.1.tlog
c:\users\alexthetechkia\source\repos\ict1009cpp\debug\ict1009cpp.tlog\link.9700.delete.1.tlog
c:\users\alexthetechkia\source\repos\ict1009cpp\debug\ict1009cpp.tlog\link.9780.delete.1.tlog
c:\users\alexthetechkia\source\repos\ict1009cpp\debug\ict1009cpp.tlog\link.9800.delete.1.tlog
c:\users\alexthetechkia\source\repos\ict1009cpp\debug\ict1009cpp.tlog\link.9848.delete.1.tlog
c:\users\alexthetechkia\source\repos\ict1009cpp\debug\ict1009cpp.tlog\link.9872.delete.1.tlog
c:\users\alexthetechkia\source\repos\ict1009cpp\debug\ict1009cpp.tlog\link.9924.delete.1.tlog
c:\users\alexthetechkia\source\repos\ict1009cpp\debug\ict1009cpp.tlog\link.9984.delete.1.tlog
c:\users\alexthetechkia\source\repos\ict1009cpp\debug\ict1009cpp.tlog\link.9988.delete.1.tlog
c:\users\alexthetechkia\source\repos\ict1009cpp\debug\ict1009cpp.tlog\link.command.1.tlog
c:\users\alexthetechkia\source\repos\ict1009cpp\debug\ict1009cpp.tlog\link.read.1.tlog
c:\users\alexthetechkia\source\repos\ict1009cpp\debug\ict1009cpp.tlog\link.write.1.tlog
c:\users\alexthetechkia\source\repos\ict1009cpp\debug\ict1009cpp.tlog\metagen.read.1.tlog
c:\users\alexthetechkia\source\repos\ict1009cpp\debug\ict1009cpp.tlog\metagen.write.1.tlog
