  newnewsapi.cpp
  Crawler.cpp
C:\Users\lim_j\Documents\GitHub\newnewsapi\newnewsapi\newnewsapi\newnewsapi.cpp(5,10): fatal error C1083: Cannot open include file: 'rapidjson/document.h': No such file or directory
C:\Users\lim_j\Documents\GitHub\ICT1009CPP\ICT1009CPP\Crawler.cpp(50,22): warning C4018: '<': signed/unsigned mismatch
C:\Users\lim_j\Documents\GitHub\ICT1009CPP\ICT1009CPP\Crawler.cpp(94,29): warning C4129: '/': unrecognized character escape sequence
  GUI.cpp
C:\Users\lim_j\Documents\GitHub\ICT1009CPP\ICT1009CPP\Crawler.cpp(143,21): warning C4018: '<': signed/unsigned mismatch
C:\Users\lim_j\Documents\GitHub\ICT1009CPP\ICT1009CPP\twitter.h(62,12): warning C4101: 'tm': unreferenced local variable
C:\Users\lim_j\Documents\GitHub\ICT1009CPP\ICT1009CPP\twitter.h(61,22): warning C4101: 'z': unreferenced local variable
C:\Users\lim_j\Documents\GitHub\ICT1009CPP\ICT1009CPP\twitter.h(54,14): warning C4101: 'newDateTime': unreferenced local variable
C:\Users\lim_j\Documents\GitHub\ICT1009CPP\ICT1009CPP\twitter.h(61,29): warning C4101: 'mm': unreferenced local variable
C:\Users\lim_j\Documents\GitHub\ICT1009CPP\ICT1009CPP\twitter.h(61,37): warning C4101: 'year': unreferenced local variable
C:\Users\lim_j\Documents\GitHub\ICT1009CPP\ICT1009CPP\twitter.h(61,25): warning C4101: 'hh': unreferenced local variable
C:\Users\lim_j\Documents\GitHub\ICT1009CPP\ICT1009CPP\twitter.h(61,33): warning C4101: 'ss': unreferenced local variable
C:\Users\lim_j\Documents\GitHub\ICT1009CPP\ICT1009CPP\twitter.h(61,6): warning C4101: 'day': unreferenced local variable
C:\Users\lim_j\Documents\GitHub\ICT1009CPP\ICT1009CPP\twitter.h(55,9): warning C4101: 'newTime': unreferenced local variable
C:\Users\lim_j\Documents\GitHub\ICT1009CPP\ICT1009CPP\twitter.h(61,17): warning C4101: 'mth': unreferenced local variable
C:\Users\lim_j\Documents\GitHub\ICT1009CPP\ICT1009CPP\twitter.h(61,11): warning C4101: 'date': unreferenced local variable
  jsoncpp.cpp
  TwitterFunction.cpp
  Generating Code...
C:\Users\lim_j\Documents\GitHub\ICT1009CPP\ICT1009CPP\GUI.cpp(8,1): warning C4829: Possibly incorrect parameters to function main. Consider 'int main(Platform::Array<Platform::String^>^ argv)'
